==1923346== Memcheck, a memory error detector
==1923346== Copyright (C) 2002-2022, and GNU GPL'd, by Julian Seward et al.
==1923346== Using Valgrind-3.19.0 and LibVEX; rerun with -h for copyright info
==1923346== Command: /usr/bin/clear
==1923346== Parent PID: 1923315
==1923346== 
==1923015== 
==1923015== HEAP SUMMARY:
==1923015==     in use at exit: 0 bytes in 0 blocks
==1923015==   total heap usage: 6 allocs, 6 frees, 5,040 bytes allocated
==1923015== 
==1923015== All heap blocks were freed -- no leaks are possible
==1923015== 
==1923015== For lists of detected and suppressed errors, rerun with: -s
==1923015== ERROR SUMMARY: 0 errors from 0 contexts (suppressed: 0 from 0)
283 bytes in 36 blocks
==1923315==         suppressed: 0 bytes in 0 blocks
==1923315== Reachable blocks (those to which a pointer was found) are not shown.
==1923315== To see them, rerun with: --leak-check=full --show-leak-kinds=all
==1923315== 
==1923315== For lists of detected and suppressed errors, rerun with: -s
==1923315== ERROR SUMMARY: 0 errors from 0 contexts (suppressed: 0 from 0)

